# JRE version: Java(TM) SE Runtime Environment (17.0.12+8) (build 17.0.12+8-LTS-286)
# Java VM: Java HotSpot(TM) 64-Bit Server VM (17.0.12+8-LTS-286, mixed mode, sharing, tiered, compressed oops, compressed class ptrs, g1 gc, windows-amd64)
GC Precious Log:
 CPUs: 12 total, 12 available
 Memory: 7549M
 Large Page Support: Disabled
 NUMA Support: Disabled
 Compressed Oops: Enabled (Zero based)
 Heap Region Size: 4M
 Heap Min Capacity: 8M
 Heap Initial Capacity: 120M
 Heap Max Capacity: 8G
 Pre-touch: Disabled
 Parallel Workers: 10
 Concurrent Workers: 3
 Concurrent Refinement Workers: 10
 Periodic GC: Disabled
Heap:
 garbage-first heap   total 737280K, used 503921K [0x0000000600000000, 0x0000000800000000)
  region size 4096K, 59 young (241664K), 10 survivors (40960K)
 Metaspace       used 120009K, committed 121984K, reserved 1179648K
  class space    used 16406K, committed 17344K, reserved 1048576K
GC Heap History (20 events):
Event: 30.883 GC heap before
{Heap before GC invocations=64 (full 0):
 garbage-first heap   total 368640K, used 203269K [0x0000000600000000, 0x0000000800000000)
  region size 4096K, 5 young (20480K), 4 survivors (16384K)
 Metaspace       used 98708K, committed 99904K, reserved 1179648K
  class space    used 13873K, committed 14400K, reserved 1048576K
}
Event: 30.897 GC heap after
{Heap after GC invocations=65 (full 0):
 garbage-first heap   total 585728K, used 204369K [0x0000000600000000, 0x0000000800000000)
  region size 4096K, 1 young (4096K), 1 survivors (4096K)
 Metaspace       used 98708K, committed 99904K, reserved 1179648K
  class space    used 13873K, committed 14400K, reserved 1048576K
}
Event: 33.591 GC heap before
{Heap before GC invocations=65 (full 0):
 garbage-first heap   total 585728K, used 425553K [0x0000000600000000, 0x0000000800000000)
  region size 4096K, 56 young (229376K), 1 survivors (4096K)
 Metaspace       used 105564K, committed 106816K, reserved 1179648K
  class space    used 14783K, committed 15360K, reserved 1048576K
}
Event: 33.612 GC heap after
{Heap after GC invocations=66 (full 0):
 garbage-first heap   total 585728K, used 222989K [0x0000000600000000, 0x0000000800000000)
  region size 4096K, 6 young (24576K), 6 survivors (24576K)
 Metaspace       used 105564K, committed 106816K, reserved 1179648K
  class space    used 14783K, committed 15360K, reserved 1048576K
}
Event: 53.366 GC heap before
{Heap before GC invocations=66 (full 0):
 garbage-first heap   total 585728K, used 431885K [0x0000000600000000, 0x0000000800000000)
  region size 4096K, 58 young (237568K), 6 survivors (24576K)
 Metaspace       used 109207K, committed 110528K, reserved 1179648K
  class space    used 15266K, committed 15872K, reserved 1048576K
}
Event: 53.408 GC heap after
{Heap after GC invocations=67 (full 0):
 garbage-first heap   total 585728K, used 247513K [0x0000000600000000, 0x0000000800000000)
  region size 4096K, 7 young (28672K), 7 survivors (28672K)
 Metaspace       used 109207K, committed 110528K, reserved 1179648K
  class space    used 15266K, committed 15872K, reserved 1048576K
}
Event: 56.778 GC heap before
{Heap before GC invocations=67 (full 0):
 garbage-first heap   total 585728K, used 440025K [0x0000000600000000, 0x0000000800000000)
  region size 4096K, 55 young (225280K), 7 survivors (28672K)
 Metaspace       used 111455K, committed 112896K, reserved 1179648K
  class space    used 15458K, committed 16128K, reserved 1048576K
}
Event: 56.807 GC heap after
{Heap after GC invocations=68 (full 0):
 garbage-first heap   total 585728K, used 254513K [0x0000000600000000, 0x0000000800000000)
  region size 4096K, 3 young (12288K), 3 survivors (12288K)
 Metaspace       used 111455K, committed 112896K, reserved 1179648K
  class space    used 15458K, committed 16128K, reserved 1048576K
}
Event: 58.563 GC heap before
{Heap before GC invocations=68 (full 0):
 garbage-first heap   total 585728K, used 422449K [0x0000000600000000, 0x0000000800000000)
  region size 4096K, 46 young (188416K), 3 survivors (12288K)
 Metaspace       used 112129K, committed 113664K, reserved 1179648K
  class space    used 15517K, committed 16192K, reserved 1048576K
}
Event: 58.582 GC heap after
{Heap after GC invocations=69 (full 0):
 garbage-first heap   total 585728K, used 262229K [0x0000000600000000, 0x0000000800000000)
  region size 4096K, 5 young (20480K), 5 survivors (20480K)
 Metaspace       used 112129K, committed 113664K, reserved 1179648K
  class space    used 15517K, committed 16192K, reserved 1048576K
}
Event: 58.802 GC heap before
{Heap before GC invocations=69 (full 0):
 garbage-first heap   total 585728K, used 344149K [0x0000000600000000, 0x0000000800000000)
  region size 4096K, 10 young (40960K), 5 survivors (20480K)
 Metaspace       used 112151K, committed 113664K, reserved 1179648K
  class space    used 15520K, committed 16192K, reserved 1048576K
}
Event: 58.817 GC heap after
{Heap after GC invocations=70 (full 0):
 garbage-first heap   total 585728K, used 333852K [0x0000000600000000, 0x0000000800000000)
  region size 4096K, 4 young (16384K), 4 survivors (16384K)
 Metaspace       used 112151K, committed 113664K, reserved 1179648K
  class space    used 15520K, committed 16192K, reserved 1048576K
}
Event: 60.745 GC heap before
{Heap before GC invocations=71 (full 0):
 garbage-first heap   total 737280K, used 530460K [0x0000000600000000, 0x0000000800000000)
  region size 4096K, 36 young (147456K), 4 survivors (16384K)
 Metaspace       used 114696K, committed 116160K, reserved 1179648K
  class space    used 15798K, committed 16448K, reserved 1048576K
}
Event: 60.765 GC heap after
{Heap after GC invocations=72 (full 0):
 garbage-first heap   total 737280K, used 267514K [0x0000000600000000, 0x0000000800000000)
  region size 4096K, 2 young (8192K), 2 survivors (8192K)
 Metaspace       used 114696K, committed 116160K, reserved 1179648K
  class space    used 15798K, committed 16448K, reserved 1048576K
}
Event: 61.170 GC heap before
{Heap before GC invocations=72 (full 0):
 garbage-first heap   total 737280K, used 292090K [0x0000000600000000, 0x0000000800000000)
  region size 4096K, 9 young (36864K), 2 survivors (8192K)
 Metaspace       used 115110K, committed 116608K, reserved 1179648K
  class space    used 15848K, committed 16512K, reserved 1048576K
}
Event: 61.180 GC heap after
{Heap after GC invocations=73 (full 0):
 garbage-first heap   total 737280K, used 266730K [0x0000000600000000, 0x0000000800000000)
  region size 4096K, 2 young (8192K), 2 survivors (8192K)
 Metaspace       used 115110K, committed 116608K, reserved 1179648K
  class space    used 15848K, committed 16512K, reserved 1048576K
}
Event: 935.580 GC heap before
{Heap before GC invocations=73 (full 0):
 garbage-first heap   total 737280K, used 578026K [0x0000000600000000, 0x0000000800000000)
  region size 4096K, 79 young (323584K), 2 survivors (8192K)
 Metaspace       used 118213K, committed 119872K, reserved 1179648K
  class space    used 16245K, committed 17024K, reserved 1048576K
}
Event: 935.711 GC heap after
{Heap after GC invocations=74 (full 0):
 garbage-first heap   total 737280K, used 274570K [0x0000000600000000, 0x0000000800000000)
  region size 4096K, 3 young (12288K), 3 survivors (12288K)
 Metaspace       used 118213K, committed 119872K, reserved 1179648K
  class space    used 16245K, committed 17024K, reserved 1048576K
}
Event: 943.697 GC heap before
{Heap before GC invocations=74 (full 0):
 garbage-first heap   total 737280K, used 589962K [0x0000000600000000, 0x0000000800000000)
  region size 4096K, 80 young (327680K), 3 survivors (12288K)
 Metaspace       used 119312K, committed 121152K, reserved 1179648K
  class space    used 16342K, committed 17216K, reserved 1048576K
}
Event: 943.838 GC heap after
{Heap after GC invocations=75 (full 0):
 garbage-first heap   total 737280K, used 311409K [0x0000000600000000, 0x0000000800000000)
  region size 4096K, 10 young (40960K), 10 survivors (40960K)
 Metaspace       used 119312K, committed 121152K, reserved 1179648K
  class space    used 16342K, committed 17216K, reserved 1048576K
}

